[2024-02-25 13:52:33] production.ERROR: SQLSTATE[HY000] [1044] Access denied for user ''@'localhost' to database 'forge' (SQL: select * from `static_options` where `option_name` = home_page_variant limit 1) {"exception":"[object] (Illuminate\\Database\\QueryException(code: 1044): SQLSTATE[HY000] [1044] Access denied for user ''@'localhost' to database 'forge' (SQL: select * from `static_options` where `option_name` = home_page_variant limit 1) at /Volumes/DATA/Projects/Laravel/Work/@core/vendor/laravel/framework/src/Illuminate/Database/Connection.php:760)
[stacktrace]
#0 /Volumes/DATA/Projects/Laravel/Work/@core/vendor/laravel/framework/src/Illuminate/Database/Connection.php(720): Illuminate\\Database\\Connection->runQueryCallback('select * from `...', Array, Object(Closure))
#1 /Volumes/DATA/Projects/Laravel/Work/@core/vendor/laravel/framework/src/Illuminate/Database/Connection.php(405): Illuminate\\Database\\Connection->run('select * from `...', Array, Object(Closure))
#2 /Volumes/DATA/Projects/Laravel/Work/@core/vendor/laravel/framework/src/Illuminate/Database/Query/Builder.php(2705): Illuminate\\Database\\Connection->select('select * from `...', Array, true)
#3 /Volumes/DATA/Projects/Laravel/Work/@core/vendor/laravel/framework/src/Illuminate/Database/Query/Builder.php(2694): Illuminate\\Database\\Query\\Builder->runSelect()
#4 /Volumes/DATA/Projects/Laravel/Work/@core/vendor/laravel/framework/src/Illuminate/Database/Query/Builder.php(3230): Illuminate\\Database\\Query\\Builder->Illuminate\\Database\\Query\\{closure}()
#5 /Volumes/DATA/Projects/Laravel/Work/@core/vendor/laravel/framework/src/Illuminate/Database/Query/Builder.php(2693): Illuminate\\Database\\Query\\Builder->onceWithColumns(Array, Object(Closure))
#6 /Volumes/DATA/Projects/Laravel/Work/@core/vendor/laravel/framework/src/Illuminate/Database/Eloquent/Builder.php(710): Illuminate\\Database\\Query\\Builder->get(Array)
#7 /Volumes/DATA/Projects/Laravel/Work/@core/vendor/laravel/framework/src/Illuminate/Database/Eloquent/Builder.php(694): Illuminate\\Database\\Eloquent\\Builder->getModels(Array)
#8 /Volumes/DATA/Projects/Laravel/Work/@core/vendor/laravel/framework/src/Illuminate/Database/Concerns/BuildsQueries.php(296): Illuminate\\Database\\Eloquent\\Builder->get(Array)
#9 /Volumes/DATA/Projects/Laravel/Work/@core/app/Helpers/helpers.php(56): Illuminate\\Database\\Eloquent\\Builder->first()
#10 /Volumes/DATA/Projects/Laravel/Work/@core/vendor/laravel/framework/src/Illuminate/Cache/Repository.php(397): {closure}()
#11 /Volumes/DATA/Projects/Laravel/Work/@core/vendor/laravel/framework/src/Illuminate/Cache/CacheManager.php(408): Illuminate\\Cache\\Repository->remember('home_page_varia...', 6400, Object(Closure))
#12 /Volumes/DATA/Projects/Laravel/Work/@core/vendor/laravel/framework/src/Illuminate/Support/Facades/Facade.php(338): Illuminate\\Cache\\CacheManager->__call('remember', Array)
#13 /Volumes/DATA/Projects/Laravel/Work/@core/app/Helpers/helpers.php(54): Illuminate\\Support\\Facades\\Facade::__callStatic('remember', Array)
#14 /Volumes/DATA/Projects/Laravel/Work/@core/app/Providers/AppServiceProvider.php(50): get_static_option('home_page_varia...')
#15 /Volumes/DATA/Projects/Laravel/Work/@core/vendor/laravel/framework/src/Illuminate/Container/BoundMethod.php(36): App\\Providers\\AppServiceProvider->boot()
#16 /Volumes/DATA/Projects/Laravel/Work/@core/vendor/laravel/framework/src/Illuminate/Container/Util.php(41): Illuminate\\Container\\BoundMethod::Illuminate\\Container\\{closure}()
#17 /Volumes/DATA/Projects/Laravel/Work/@core/vendor/laravel/framework/src/Illuminate/Container/BoundMethod.php(93): Illuminate\\Container\\Util::unwrapIfClosure(Object(Closure))
#18 /Volumes/DATA/Projects/Laravel/Work/@core/vendor/laravel/framework/src/Illuminate/Container/BoundMethod.php(35): Illuminate\\Container\\BoundMethod::callBoundMethod(Object(Illuminate\\Foundation\\Application), Array, Object(Closure))
#19 /Volumes/DATA/Projects/Laravel/Work/@core/vendor/laravel/framework/src/Illuminate/Container/Container.php(661): Illuminate\\Container\\BoundMethod::call(Object(Illuminate\\Foundation\\Application), Array, Array, NULL)
#20 /Volumes/DATA/Projects/Laravel/Work/@core/vendor/laravel/framework/src/Illuminate/Foundation/Application.php(929): Illuminate\\Container\\Container->call(Array)
#21 /Volumes/DATA/Projects/Laravel/Work/@core/vendor/laravel/framework/src/Illuminate/Foundation/Application.php(910): Illuminate\\Foundation\\Application->bootProvider(Object(App\\Providers\\AppServiceProvider))
#22 [internal function]: Illuminate\\Foundation\\Application->Illuminate\\Foundation\\{closure}(Object(App\\Providers\\AppServiceProvider), 37)
#23 /Volumes/DATA/Projects/Laravel/Work/@core/vendor/laravel/framework/src/Illuminate/Foundation/Application.php(909): array_walk(Array, Object(Closure))
#24 /Volumes/DATA/Projects/Laravel/Work/@core/vendor/laravel/framework/src/Illuminate/Foundation/Bootstrap/BootProviders.php(17): Illuminate\\Foundation\\Application->boot()
#25 /Volumes/DATA/Projects/Laravel/Work/@core/vendor/laravel/framework/src/Illuminate/Foundation/Application.php(242): Illuminate\\Foundation\\Bootstrap\\BootProviders->bootstrap(Object(Illuminate\\Foundation\\Application))
#26 /Volumes/DATA/Projects/Laravel/Work/@core/vendor/laravel/framework/src/Illuminate/Foundation/Console/Kernel.php(383): Illuminate\\Foundation\\Application->bootstrapWith(Array)
#27 /Volumes/DATA/Projects/Laravel/Work/@core/vendor/laravel/framework/src/Illuminate/Foundation/Console/Kernel.php(153): Illuminate\\Foundation\\Console\\Kernel->bootstrap()
#28 /Volumes/DATA/Projects/Laravel/Work/@core/artisan(35): Illuminate\\Foundation\\Console\\Kernel->handle(Object(Symfony\\Component\\Console\\Input\\ArgvInput), Object(Symfony\\Component\\Console\\Output\\ConsoleOutput))
#29 {main}

[previous exception] [object] (PDOException(code: 1044): SQLSTATE[HY000] [1044] Access denied for user ''@'localhost' to database 'forge' at /Volumes/DATA/Projects/Laravel/Work/@core/vendor/laravel/framework/src/Illuminate/Database/Connectors/Connector.php:70)
[stacktrace]
#0 /Volumes/DATA/Projects/Laravel/Work/@core/vendor/laravel/framework/src/Illuminate/Database/Connectors/Connector.php(70): PDO->__construct('mysql:host=loca...', 'forge', Object(SensitiveParameterValue), Array)
#1 /Volumes/DATA/Projects/Laravel/Work/@core/vendor/laravel/framework/src/Illuminate/Database/Connectors/Connector.php(45): Illuminate\\Database\\Connectors\\Connector->createPdoConnection('mysql:host=loca...', 'forge', '', Array)
#2 /Volumes/DATA/Projects/Laravel/Work/@core/vendor/laravel/framework/src/Illuminate/Database/Connectors/MySqlConnector.php(24): Illuminate\\Database\\Connectors\\Connector->createConnection('mysql:host=loca...', Array, Array)
#3 /Volumes/DATA/Projects/Laravel/Work/@core/vendor/laravel/framework/src/Illuminate/Database/Connectors/ConnectionFactory.php(184): Illuminate\\Database\\Connectors\\MySqlConnector->connect(Array)
#4 [internal function]: Illuminate\\Database\\Connectors\\ConnectionFactory->Illuminate\\Database\\Connectors\\{closure}()
#5 /Volumes/DATA/Projects/Laravel/Work/@core/vendor/laravel/framework/src/Illuminate/Database/Connection.php(1181): call_user_func(Object(Closure))
#6 /Volumes/DATA/Projects/Laravel/Work/@core/vendor/laravel/framework/src/Illuminate/Database/Connection.php(1217): Illuminate\\Database\\Connection->getPdo()
#7 /Volumes/DATA/Projects/Laravel/Work/@core/vendor/laravel/framework/src/Illuminate/Database/Connection.php(486): Illuminate\\Database\\Connection->getReadPdo()
#8 /Volumes/DATA/Projects/Laravel/Work/@core/vendor/laravel/framework/src/Illuminate/Database/Connection.php(414): Illuminate\\Database\\Connection->getPdoForSelect(true)
#9 /Volumes/DATA/Projects/Laravel/Work/@core/vendor/laravel/framework/src/Illuminate/Database/Connection.php(753): Illuminate\\Database\\Connection->Illuminate\\Database\\{closure}('select * from `...', Array)
#10 /Volumes/DATA/Projects/Laravel/Work/@core/vendor/laravel/framework/src/Illuminate/Database/Connection.php(720): Illuminate\\Database\\Connection->runQueryCallback('select * from `...', Array, Object(Closure))
#11 /Volumes/DATA/Projects/Laravel/Work/@core/vendor/laravel/framework/src/Illuminate/Database/Connection.php(405): Illuminate\\Database\\Connection->run('select * from `...', Array, Object(Closure))
#12 /Volumes/DATA/Projects/Laravel/Work/@core/vendor/laravel/framework/src/Illuminate/Database/Query/Builder.php(2705): Illuminate\\Database\\Connection->select('select * from `...', Array, true)
#13 /Volumes/DATA/Projects/Laravel/Work/@core/vendor/laravel/framework/src/Illuminate/Database/Query/Builder.php(2694): Illuminate\\Database\\Query\\Builder->runSelect()
#14 /Volumes/DATA/Projects/Laravel/Work/@core/vendor/laravel/framework/src/Illuminate/Database/Query/Builder.php(3230): Illuminate\\Database\\Query\\Builder->Illuminate\\Database\\Query\\{closure}()
#15 /Volumes/DATA/Projects/Laravel/Work/@core/vendor/laravel/framework/src/Illuminate/Database/Query/Builder.php(2693): Illuminate\\Database\\Query\\Builder->onceWithColumns(Array, Object(Closure))
#16 /Volumes/DATA/Projects/Laravel/Work/@core/vendor/laravel/framework/src/Illuminate/Database/Eloquent/Builder.php(710): Illuminate\\Database\\Query\\Builder->get(Array)
#17 /Volumes/DATA/Projects/Laravel/Work/@core/vendor/laravel/framework/src/Illuminate/Database/Eloquent/Builder.php(694): Illuminate\\Database\\Eloquent\\Builder->getModels(Array)
#18 /Volumes/DATA/Projects/Laravel/Work/@core/vendor/laravel/framework/src/Illuminate/Database/Concerns/BuildsQueries.php(296): Illuminate\\Database\\Eloquent\\Builder->get(Array)
#19 /Volumes/DATA/Projects/Laravel/Work/@core/app/Helpers/helpers.php(56): Illuminate\\Database\\Eloquent\\Builder->first()
#20 /Volumes/DATA/Projects/Laravel/Work/@core/vendor/laravel/framework/src/Illuminate/Cache/Repository.php(397): {closure}()
#21 /Volumes/DATA/Projects/Laravel/Work/@core/vendor/laravel/framework/src/Illuminate/Cache/CacheManager.php(408): Illuminate\\Cache\\Repository->remember('home_page_varia...', 6400, Object(Closure))
#22 /Volumes/DATA/Projects/Laravel/Work/@core/vendor/laravel/framework/src/Illuminate/Support/Facades/Facade.php(338): Illuminate\\Cache\\CacheManager->__call('remember', Array)
#23 /Volumes/DATA/Projects/Laravel/Work/@core/app/Helpers/helpers.php(54): Illuminate\\Support\\Facades\\Facade::__callStatic('remember', Array)
#24 /Volumes/DATA/Projects/Laravel/Work/@core/app/Providers/AppServiceProvider.php(50): get_static_option('home_page_varia...')
#25 /Volumes/DATA/Projects/Laravel/Work/@core/vendor/laravel/framework/src/Illuminate/Container/BoundMethod.php(36): App\\Providers\\AppServiceProvider->boot()
#26 /Volumes/DATA/Projects/Laravel/Work/@core/vendor/laravel/framework/src/Illuminate/Container/Util.php(41): Illuminate\\Container\\BoundMethod::Illuminate\\Container\\{closure}()
#27 /Volumes/DATA/Projects/Laravel/Work/@core/vendor/laravel/framework/src/Illuminate/Container/BoundMethod.php(93): Illuminate\\Container\\Util::unwrapIfClosure(Object(Closure))
#28 /Volumes/DATA/Projects/Laravel/Work/@core/vendor/laravel/framework/src/Illuminate/Container/BoundMethod.php(35): Illuminate\\Container\\BoundMethod::callBoundMethod(Object(Illuminate\\Foundation\\Application), Array, Object(Closure))
#29 /Volumes/DATA/Projects/Laravel/Work/@core/vendor/laravel/framework/src/Illuminate/Container/Container.php(661): Illuminate\\Container\\BoundMethod::call(Object(Illuminate\\Foundation\\Application), Array, Array, NULL)
#30 /Volumes/DATA/Projects/Laravel/Work/@core/vendor/laravel/framework/src/Illuminate/Foundation/Application.php(929): Illuminate\\Container\\Container->call(Array)
#31 /Volumes/DATA/Projects/Laravel/Work/@core/vendor/laravel/framework/src/Illuminate/Foundation/Application.php(910): Illuminate\\Foundation\\Application->bootProvider(Object(App\\Providers\\AppServiceProvider))
#32 [internal function]: Illuminate\\Foundation\\Application->Illuminate\\Foundation\\{closure}(Object(App\\Providers\\AppServiceProvider), 37)
#33 /Volumes/DATA/Projects/Laravel/Work/@core/vendor/laravel/framework/src/Illuminate/Foundation/Application.php(909): array_walk(Array, Object(Closure))
#34 /Volumes/DATA/Projects/Laravel/Work/@core/vendor/laravel/framework/src/Illuminate/Foundation/Bootstrap/BootProviders.php(17): Illuminate\\Foundation\\Application->boot()
#35 /Volumes/DATA/Projects/Laravel/Work/@core/vendor/laravel/framework/src/Illuminate/Foundation/Application.php(242): Illuminate\\Foundation\\Bootstrap\\BootProviders->bootstrap(Object(Illuminate\\Foundation\\Application))
#36 /Volumes/DATA/Projects/Laravel/Work/@core/vendor/laravel/framework/src/Illuminate/Foundation/Console/Kernel.php(383): Illuminate\\Foundation\\Application->bootstrapWith(Array)
#37 /Volumes/DATA/Projects/Laravel/Work/@core/vendor/laravel/framework/src/Illuminate/Foundation/Console/Kernel.php(153): Illuminate\\Foundation\\Console\\Kernel->bootstrap()
#38 /Volumes/DATA/Projects/Laravel/Work/@core/artisan(35): Illuminate\\Foundation\\Console\\Kernel->handle(Object(Symfony\\Component\\Console\\Input\\ArgvInput), Object(Symfony\\Component\\Console\\Output\\ConsoleOutput))
#39 {main}
"} 
[2024-02-25 14:11:13] local.ERROR: SQLSTATE[42S02]: Base table or view not found: 1146 Table 'event-landing.static_options' doesn't exist (SQL: select * from `static_options` where `option_name` = home_page_variant limit 1) {"exception":"[object] (Illuminate\\Database\\QueryException(code: 42S02): SQLSTATE[42S02]: Base table or view not found: 1146 Table 'event-landing.static_options' doesn't exist (SQL: select * from `static_options` where `option_name` = home_page_variant limit 1) at /Volumes/DATA/Projects/Laravel/Work/@core/vendor/laravel/framework/src/Illuminate/Database/Connection.php:760)
[stacktrace]
#0 /Volumes/DATA/Projects/Laravel/Work/@core/vendor/laravel/framework/src/Illuminate/Database/Connection.php(720): Illuminate\\Database\\Connection->runQueryCallback('select * from `...', Array, Object(Closure))
#1 /Volumes/DATA/Projects/Laravel/Work/@core/vendor/laravel/framework/src/Illuminate/Database/Connection.php(405): Illuminate\\Database\\Connection->run('select * from `...', Array, Object(Closure))
#2 /Volumes/DATA/Projects/Laravel/Work/@core/vendor/laravel/framework/src/Illuminate/Database/Query/Builder.php(2705): Illuminate\\Database\\Connection->select('select * from `...', Array, true)
#3 /Volumes/DATA/Projects/Laravel/Work/@core/vendor/laravel/framework/src/Illuminate/Database/Query/Builder.php(2694): Illuminate\\Database\\Query\\Builder->runSelect()
#4 /Volumes/DATA/Projects/Laravel/Work/@core/vendor/laravel/framework/src/Illuminate/Database/Query/Builder.php(3230): Illuminate\\Database\\Query\\Builder->Illuminate\\Database\\Query\\{closure}()
#5 /Volumes/DATA/Projects/Laravel/Work/@core/vendor/laravel/framework/src/Illuminate/Database/Query/Builder.php(2693): Illuminate\\Database\\Query\\Builder->onceWithColumns(Array, Object(Closure))
#6 /Volumes/DATA/Projects/Laravel/Work/@core/vendor/laravel/framework/src/Illuminate/Database/Eloquent/Builder.php(710): Illuminate\\Database\\Query\\Builder->get(Array)
#7 /Volumes/DATA/Projects/Laravel/Work/@core/vendor/laravel/framework/src/Illuminate/Database/Eloquent/Builder.php(694): Illuminate\\Database\\Eloquent\\Builder->getModels(Array)
#8 /Volumes/DATA/Projects/Laravel/Work/@core/vendor/laravel/framework/src/Illuminate/Database/Concerns/BuildsQueries.php(296): Illuminate\\Database\\Eloquent\\Builder->get(Array)
#9 /Volumes/DATA/Projects/Laravel/Work/@core/app/Helpers/helpers.php(56): Illuminate\\Database\\Eloquent\\Builder->first()
#10 /Volumes/DATA/Projects/Laravel/Work/@core/vendor/laravel/framework/src/Illuminate/Cache/Repository.php(397): {closure}()
#11 /Volumes/DATA/Projects/Laravel/Work/@core/vendor/laravel/framework/src/Illuminate/Cache/CacheManager.php(408): Illuminate\\Cache\\Repository->remember('home_page_varia...', 6400, Object(Closure))
#12 /Volumes/DATA/Projects/Laravel/Work/@core/vendor/laravel/framework/src/Illuminate/Support/Facades/Facade.php(338): Illuminate\\Cache\\CacheManager->__call('remember', Array)
#13 /Volumes/DATA/Projects/Laravel/Work/@core/app/Helpers/helpers.php(54): Illuminate\\Support\\Facades\\Facade::__callStatic('remember', Array)
#14 /Volumes/DATA/Projects/Laravel/Work/@core/app/Providers/AppServiceProvider.php(50): get_static_option('home_page_varia...')
#15 /Volumes/DATA/Projects/Laravel/Work/@core/vendor/laravel/framework/src/Illuminate/Container/BoundMethod.php(36): App\\Providers\\AppServiceProvider->boot()
#16 /Volumes/DATA/Projects/Laravel/Work/@core/vendor/laravel/framework/src/Illuminate/Container/Util.php(41): Illuminate\\Container\\BoundMethod::Illuminate\\Container\\{closure}()
#17 /Volumes/DATA/Projects/Laravel/Work/@core/vendor/laravel/framework/src/Illuminate/Container/BoundMethod.php(93): Illuminate\\Container\\Util::unwrapIfClosure(Object(Closure))
#18 /Volumes/DATA/Projects/Laravel/Work/@core/vendor/laravel/framework/src/Illuminate/Container/BoundMethod.php(35): Illuminate\\Container\\BoundMethod::callBoundMethod(Object(Illuminate\\Foundation\\Application), Array, Object(Closure))
#19 /Volumes/DATA/Projects/Laravel/Work/@core/vendor/laravel/framework/src/Illuminate/Container/Container.php(661): Illuminate\\Container\\BoundMethod::call(Object(Illuminate\\Foundation\\Application), Array, Array, NULL)
#20 /Volumes/DATA/Projects/Laravel/Work/@core/vendor/laravel/framework/src/Illuminate/Foundation/Application.php(929): Illuminate\\Container\\Container->call(Array)
#21 /Volumes/DATA/Projects/Laravel/Work/@core/vendor/laravel/framework/src/Illuminate/Foundation/Application.php(910): Illuminate\\Foundation\\Application->bootProvider(Object(App\\Providers\\AppServiceProvider))
#22 [internal function]: Illuminate\\Foundation\\Application->Illuminate\\Foundation\\{closure}(Object(App\\Providers\\AppServiceProvider), 37)
#23 /Volumes/DATA/Projects/Laravel/Work/@core/vendor/laravel/framework/src/Illuminate/Foundation/Application.php(909): array_walk(Array, Object(Closure))
#24 /Volumes/DATA/Projects/Laravel/Work/@core/vendor/laravel/framework/src/Illuminate/Foundation/Bootstrap/BootProviders.php(17): Illuminate\\Foundation\\Application->boot()
#25 /Volumes/DATA/Projects/Laravel/Work/@core/vendor/laravel/framework/src/Illuminate/Foundation/Application.php(242): Illuminate\\Foundation\\Bootstrap\\BootProviders->bootstrap(Object(Illuminate\\Foundation\\Application))
#26 /Volumes/DATA/Projects/Laravel/Work/@core/vendor/laravel/framework/src/Illuminate/Foundation/Console/Kernel.php(383): Illuminate\\Foundation\\Application->bootstrapWith(Array)
#27 /Volumes/DATA/Projects/Laravel/Work/@core/vendor/laravel/framework/src/Illuminate/Foundation/Console/Kernel.php(153): Illuminate\\Foundation\\Console\\Kernel->bootstrap()
#28 /Volumes/DATA/Projects/Laravel/Work/@core/artisan(35): Illuminate\\Foundation\\Console\\Kernel->handle(Object(Symfony\\Component\\Console\\Input\\ArgvInput), Object(Symfony\\Component\\Console\\Output\\ConsoleOutput))
#29 {main}

[previous exception] [object] (PDOException(code: 42S02): SQLSTATE[42S02]: Base table or view not found: 1146 Table 'event-landing.static_options' doesn't exist at /Volumes/DATA/Projects/Laravel/Work/@core/vendor/laravel/framework/src/Illuminate/Database/Connection.php:414)
[stacktrace]
#0 /Volumes/DATA/Projects/Laravel/Work/@core/vendor/laravel/framework/src/Illuminate/Database/Connection.php(414): PDO->prepare('select * from `...')
#1 /Volumes/DATA/Projects/Laravel/Work/@core/vendor/laravel/framework/src/Illuminate/Database/Connection.php(753): Illuminate\\Database\\Connection->Illuminate\\Database\\{closure}('select * from `...', Array)
#2 /Volumes/DATA/Projects/Laravel/Work/@core/vendor/laravel/framework/src/Illuminate/Database/Connection.php(720): Illuminate\\Database\\Connection->runQueryCallback('select * from `...', Array, Object(Closure))
#3 /Volumes/DATA/Projects/Laravel/Work/@core/vendor/laravel/framework/src/Illuminate/Database/Connection.php(405): Illuminate\\Database\\Connection->run('select * from `...', Array, Object(Closure))
#4 /Volumes/DATA/Projects/Laravel/Work/@core/vendor/laravel/framework/src/Illuminate/Database/Query/Builder.php(2705): Illuminate\\Database\\Connection->select('select * from `...', Array, true)
#5 /Volumes/DATA/Projects/Laravel/Work/@core/vendor/laravel/framework/src/Illuminate/Database/Query/Builder.php(2694): Illuminate\\Database\\Query\\Builder->runSelect()
#6 /Volumes/DATA/Projects/Laravel/Work/@core/vendor/laravel/framework/src/Illuminate/Database/Query/Builder.php(3230): Illuminate\\Database\\Query\\Builder->Illuminate\\Database\\Query\\{closure}()
#7 /Volumes/DATA/Projects/Laravel/Work/@core/vendor/laravel/framework/src/Illuminate/Database/Query/Builder.php(2693): Illuminate\\Database\\Query\\Builder->onceWithColumns(Array, Object(Closure))
#8 /Volumes/DATA/Projects/Laravel/Work/@core/vendor/laravel/framework/src/Illuminate/Database/Eloquent/Builder.php(710): Illuminate\\Database\\Query\\Builder->get(Array)
#9 /Volumes/DATA/Projects/Laravel/Work/@core/vendor/laravel/framework/src/Illuminate/Database/Eloquent/Builder.php(694): Illuminate\\Database\\Eloquent\\Builder->getModels(Array)
#10 /Volumes/DATA/Projects/Laravel/Work/@core/vendor/laravel/framework/src/Illuminate/Database/Concerns/BuildsQueries.php(296): Illuminate\\Database\\Eloquent\\Builder->get(Array)
#11 /Volumes/DATA/Projects/Laravel/Work/@core/app/Helpers/helpers.php(56): Illuminate\\Database\\Eloquent\\Builder->first()
#12 /Volumes/DATA/Projects/Laravel/Work/@core/vendor/laravel/framework/src/Illuminate/Cache/Repository.php(397): {closure}()
#13 /Volumes/DATA/Projects/Laravel/Work/@core/vendor/laravel/framework/src/Illuminate/Cache/CacheManager.php(408): Illuminate\\Cache\\Repository->remember('home_page_varia...', 6400, Object(Closure))
#14 /Volumes/DATA/Projects/Laravel/Work/@core/vendor/laravel/framework/src/Illuminate/Support/Facades/Facade.php(338): Illuminate\\Cache\\CacheManager->__call('remember', Array)
#15 /Volumes/DATA/Projects/Laravel/Work/@core/app/Helpers/helpers.php(54): Illuminate\\Support\\Facades\\Facade::__callStatic('remember', Array)
#16 /Volumes/DATA/Projects/Laravel/Work/@core/app/Providers/AppServiceProvider.php(50): get_static_option('home_page_varia...')
#17 /Volumes/DATA/Projects/Laravel/Work/@core/vendor/laravel/framework/src/Illuminate/Container/BoundMethod.php(36): App\\Providers\\AppServiceProvider->boot()
#18 /Volumes/DATA/Projects/Laravel/Work/@core/vendor/laravel/framework/src/Illuminate/Container/Util.php(41): Illuminate\\Container\\BoundMethod::Illuminate\\Container\\{closure}()
#19 /Volumes/DATA/Projects/Laravel/Work/@core/vendor/laravel/framework/src/Illuminate/Container/BoundMethod.php(93): Illuminate\\Container\\Util::unwrapIfClosure(Object(Closure))
#20 /Volumes/DATA/Projects/Laravel/Work/@core/vendor/laravel/framework/src/Illuminate/Container/BoundMethod.php(35): Illuminate\\Container\\BoundMethod::callBoundMethod(Object(Illuminate\\Foundation\\Application), Array, Object(Closure))
#21 /Volumes/DATA/Projects/Laravel/Work/@core/vendor/laravel/framework/src/Illuminate/Container/Container.php(661): Illuminate\\Container\\BoundMethod::call(Object(Illuminate\\Foundation\\Application), Array, Array, NULL)
#22 /Volumes/DATA/Projects/Laravel/Work/@core/vendor/laravel/framework/src/Illuminate/Foundation/Application.php(929): Illuminate\\Container\\Container->call(Array)
#23 /Volumes/DATA/Projects/Laravel/Work/@core/vendor/laravel/framework/src/Illuminate/Foundation/Application.php(910): Illuminate\\Foundation\\Application->bootProvider(Object(App\\Providers\\AppServiceProvider))
#24 [internal function]: Illuminate\\Foundation\\Application->Illuminate\\Foundation\\{closure}(Object(App\\Providers\\AppServiceProvider), 37)
#25 /Volumes/DATA/Projects/Laravel/Work/@core/vendor/laravel/framework/src/Illuminate/Foundation/Application.php(909): array_walk(Array, Object(Closure))
#26 /Volumes/DATA/Projects/Laravel/Work/@core/vendor/laravel/framework/src/Illuminate/Foundation/Bootstrap/BootProviders.php(17): Illuminate\\Foundation\\Application->boot()
#27 /Volumes/DATA/Projects/Laravel/Work/@core/vendor/laravel/framework/src/Illuminate/Foundation/Application.php(242): Illuminate\\Foundation\\Bootstrap\\BootProviders->bootstrap(Object(Illuminate\\Foundation\\Application))
#28 /Volumes/DATA/Projects/Laravel/Work/@core/vendor/laravel/framework/src/Illuminate/Foundation/Console/Kernel.php(383): Illuminate\\Foundation\\Application->bootstrapWith(Array)
#29 /Volumes/DATA/Projects/Laravel/Work/@core/vendor/laravel/framework/src/Illuminate/Foundation/Console/Kernel.php(153): Illuminate\\Foundation\\Console\\Kernel->bootstrap()
#30 /Volumes/DATA/Projects/Laravel/Work/@core/artisan(35): Illuminate\\Foundation\\Console\\Kernel->handle(Object(Symfony\\Component\\Console\\Input\\ArgvInput), Object(Symfony\\Component\\Console\\Output\\ConsoleOutput))
#31 {main}
"} 
[2024-02-25 14:51:39] local.ERROR: SQLSTATE[42S21]: Column already exists: 1060 Duplicate column name 'widget_area' (SQL: alter table `widgets` add `widget_location` varchar(191) null, add `widget_area` varchar(191) null) {"exception":"[object] (Illuminate\\Database\\QueryException(code: 42S21): SQLSTATE[42S21]: Column already exists: 1060 Duplicate column name 'widget_area' (SQL: alter table `widgets` add `widget_location` varchar(191) null, add `widget_area` varchar(191) null) at /Volumes/DATA/Projects/Laravel/Work/@core/vendor/laravel/framework/src/Illuminate/Database/Connection.php:760)
[stacktrace]
#0 /Volumes/DATA/Projects/Laravel/Work/@core/vendor/laravel/framework/src/Illuminate/Database/Connection.php(720): Illuminate\\Database\\Connection->runQueryCallback('alter table `wi...', Array, Object(Closure))
#1 /Volumes/DATA/Projects/Laravel/Work/@core/vendor/laravel/framework/src/Illuminate/Database/Connection.php(534): Illuminate\\Database\\Connection->run('alter table `wi...', Array, Object(Closure))
#2 /Volumes/DATA/Projects/Laravel/Work/@core/vendor/laravel/framework/src/Illuminate/Database/Schema/Blueprint.php(109): Illuminate\\Database\\Connection->statement('alter table `wi...')
#3 /Volumes/DATA/Projects/Laravel/Work/@core/vendor/laravel/framework/src/Illuminate/Database/Schema/Builder.php(439): Illuminate\\Database\\Schema\\Blueprint->build(Object(Illuminate\\Database\\MySqlConnection), Object(Illuminate\\Database\\Schema\\Grammars\\MySqlGrammar))
#4 /Volumes/DATA/Projects/Laravel/Work/@core/vendor/laravel/framework/src/Illuminate/Database/Schema/Builder.php(269): Illuminate\\Database\\Schema\\Builder->build(Object(Illuminate\\Database\\Schema\\Blueprint))
#5 /Volumes/DATA/Projects/Laravel/Work/@core/vendor/laravel/framework/src/Illuminate/Support/Facades/Facade.php(338): Illuminate\\Database\\Schema\\Builder->table('widgets', Object(Closure))
#6 /Volumes/DATA/Projects/Laravel/Work/@core/database/migrations/2021_07_06_152758_add_new_column_to_widgets_table.php(17): Illuminate\\Support\\Facades\\Facade::__callStatic('table', Array)
#7 /Volumes/DATA/Projects/Laravel/Work/@core/vendor/laravel/framework/src/Illuminate/Database/Migrations/Migrator.php(488): AddNewColumnToWidgetsTable->up()
#8 /Volumes/DATA/Projects/Laravel/Work/@core/vendor/laravel/framework/src/Illuminate/Database/Migrations/Migrator.php(406): Illuminate\\Database\\Migrations\\Migrator->runMethod(Object(Illuminate\\Database\\MySqlConnection), Object(AddNewColumnToWidgetsTable), 'up')
#9 /Volumes/DATA/Projects/Laravel/Work/@core/vendor/laravel/framework/src/Illuminate/Database/Migrations/Migrator.php(415): Illuminate\\Database\\Migrations\\Migrator->Illuminate\\Database\\Migrations\\{closure}()
#10 /Volumes/DATA/Projects/Laravel/Work/@core/vendor/laravel/framework/src/Illuminate/Database/Migrations/Migrator.php(216): Illuminate\\Database\\Migrations\\Migrator->runMigration(Object(AddNewColumnToWidgetsTable), 'up')
#11 /Volumes/DATA/Projects/Laravel/Work/@core/vendor/laravel/framework/src/Illuminate/Console/View/Components/Task.php(37): Illuminate\\Database\\Migrations\\Migrator->Illuminate\\Database\\Migrations\\{closure}()
#12 /Volumes/DATA/Projects/Laravel/Work/@core/vendor/laravel/framework/src/Illuminate/Database/Migrations/Migrator.php(751): Illuminate\\Console\\View\\Components\\Task->render('2021_07_06_1527...', Object(Closure))
#13 /Volumes/DATA/Projects/Laravel/Work/@core/vendor/laravel/framework/src/Illuminate/Database/Migrations/Migrator.php(216): Illuminate\\Database\\Migrations\\Migrator->write('Illuminate\\\\Cons...', '2021_07_06_1527...', Object(Closure))
#14 /Volumes/DATA/Projects/Laravel/Work/@core/vendor/laravel/framework/src/Illuminate/Database/Migrations/Migrator.php(181): Illuminate\\Database\\Migrations\\Migrator->runUp('/Volumes/DATA/P...', 1, false)
#15 /Volumes/DATA/Projects/Laravel/Work/@core/vendor/laravel/framework/src/Illuminate/Database/Migrations/Migrator.php(124): Illuminate\\Database\\Migrations\\Migrator->runPending(Array, Array)
#16 /Volumes/DATA/Projects/Laravel/Work/@core/vendor/laravel/framework/src/Illuminate/Database/Console/Migrations/MigrateCommand.php(88): Illuminate\\Database\\Migrations\\Migrator->run(Array, Array)
#17 /Volumes/DATA/Projects/Laravel/Work/@core/vendor/laravel/framework/src/Illuminate/Database/Migrations/Migrator.php(628): Illuminate\\Database\\Console\\Migrations\\MigrateCommand->Illuminate\\Database\\Console\\Migrations\\{closure}()
#18 /Volumes/DATA/Projects/Laravel/Work/@core/vendor/laravel/framework/src/Illuminate/Database/Console/Migrations/MigrateCommand.php(81): Illuminate\\Database\\Migrations\\Migrator->usingConnection(NULL, Object(Closure))
#19 /Volumes/DATA/Projects/Laravel/Work/@core/vendor/laravel/framework/src/Illuminate/Container/BoundMethod.php(36): Illuminate\\Database\\Console\\Migrations\\MigrateCommand->handle()
#20 /Volumes/DATA/Projects/Laravel/Work/@core/vendor/laravel/framework/src/Illuminate/Container/Util.php(41): Illuminate\\Container\\BoundMethod::Illuminate\\Container\\{closure}()
#21 /Volumes/DATA/Projects/Laravel/Work/@core/vendor/laravel/framework/src/Illuminate/Container/BoundMethod.php(93): Illuminate\\Container\\Util::unwrapIfClosure(Object(Closure))
#22 /Volumes/DATA/Projects/Laravel/Work/@core/vendor/laravel/framework/src/Illuminate/Container/BoundMethod.php(35): Illuminate\\Container\\BoundMethod::callBoundMethod(Object(Illuminate\\Foundation\\Application), Array, Object(Closure))
#23 /Volumes/DATA/Projects/Laravel/Work/@core/vendor/laravel/framework/src/Illuminate/Container/Container.php(661): Illuminate\\Container\\BoundMethod::call(Object(Illuminate\\Foundation\\Application), Array, Array, NULL)
#24 /Volumes/DATA/Projects/Laravel/Work/@core/vendor/laravel/framework/src/Illuminate/Console/Command.php(183): Illuminate\\Container\\Container->call(Array)
#25 /Volumes/DATA/Projects/Laravel/Work/@core/vendor/symfony/console/Command/Command.php(326): Illuminate\\Console\\Command->execute(Object(Symfony\\Component\\Console\\Input\\ArgvInput), Object(Illuminate\\Console\\OutputStyle))
#26 /Volumes/DATA/Projects/Laravel/Work/@core/vendor/laravel/framework/src/Illuminate/Console/Command.php(152): Symfony\\Component\\Console\\Command\\Command->run(Object(Symfony\\Component\\Console\\Input\\ArgvInput), Object(Illuminate\\Console\\OutputStyle))
#27 /Volumes/DATA/Projects/Laravel/Work/@core/vendor/symfony/console/Application.php(1063): Illuminate\\Console\\Command->run(Object(Symfony\\Component\\Console\\Input\\ArgvInput), Object(Symfony\\Component\\Console\\Output\\ConsoleOutput))
#28 /Volumes/DATA/Projects/Laravel/Work/@core/vendor/symfony/console/Application.php(320): Symfony\\Component\\Console\\Application->doRunCommand(Object(Illuminate\\Database\\Console\\Migrations\\MigrateCommand), Object(Symfony\\Component\\Console\\Input\\ArgvInput), Object(Symfony\\Component\\Console\\Output\\ConsoleOutput))
#29 /Volumes/DATA/Projects/Laravel/Work/@core/vendor/symfony/console/Application.php(174): Symfony\\Component\\Console\\Application->doRun(Object(Symfony\\Component\\Console\\Input\\ArgvInput), Object(Symfony\\Component\\Console\\Output\\ConsoleOutput))
#30 /Volumes/DATA/Projects/Laravel/Work/@core/vendor/laravel/framework/src/Illuminate/Console/Application.php(102): Symfony\\Component\\Console\\Application->run(Object(Symfony\\Component\\Console\\Input\\ArgvInput), Object(Symfony\\Component\\Console\\Output\\ConsoleOutput))
#31 /Volumes/DATA/Projects/Laravel/Work/@core/vendor/laravel/framework/src/Illuminate/Foundation/Console/Kernel.php(155): Illuminate\\Console\\Application->run(Object(Symfony\\Component\\Console\\Input\\ArgvInput), Object(Symfony\\Component\\Console\\Output\\ConsoleOutput))
#32 /Volumes/DATA/Projects/Laravel/Work/@core/artisan(35): Illuminate\\Foundation\\Console\\Kernel->handle(Object(Symfony\\Component\\Console\\Input\\ArgvInput), Object(Symfony\\Component\\Console\\Output\\ConsoleOutput))
#33 {main}

[previous exception] [object] (PDOException(code: 42S21): SQLSTATE[42S21]: Column already exists: 1060 Duplicate column name 'widget_area' at /Volumes/DATA/Projects/Laravel/Work/@core/vendor/laravel/framework/src/Illuminate/Database/Connection.php:545)
[stacktrace]
#0 /Volumes/DATA/Projects/Laravel/Work/@core/vendor/laravel/framework/src/Illuminate/Database/Connection.php(545): PDOStatement->execute()
#1 /Volumes/DATA/Projects/Laravel/Work/@core/vendor/laravel/framework/src/Illuminate/Database/Connection.php(753): Illuminate\\Database\\Connection->Illuminate\\Database\\{closure}('alter table `wi...', Array)
#2 /Volumes/DATA/Projects/Laravel/Work/@core/vendor/laravel/framework/src/Illuminate/Database/Connection.php(720): Illuminate\\Database\\Connection->runQueryCallback('alter table `wi...', Array, Object(Closure))
#3 /Volumes/DATA/Projects/Laravel/Work/@core/vendor/laravel/framework/src/Illuminate/Database/Connection.php(534): Illuminate\\Database\\Connection->run('alter table `wi...', Array, Object(Closure))
#4 /Volumes/DATA/Projects/Laravel/Work/@core/vendor/laravel/framework/src/Illuminate/Database/Schema/Blueprint.php(109): Illuminate\\Database\\Connection->statement('alter table `wi...')
#5 /Volumes/DATA/Projects/Laravel/Work/@core/vendor/laravel/framework/src/Illuminate/Database/Schema/Builder.php(439): Illuminate\\Database\\Schema\\Blueprint->build(Object(Illuminate\\Database\\MySqlConnection), Object(Illuminate\\Database\\Schema\\Grammars\\MySqlGrammar))
#6 /Volumes/DATA/Projects/Laravel/Work/@core/vendor/laravel/framework/src/Illuminate/Database/Schema/Builder.php(269): Illuminate\\Database\\Schema\\Builder->build(Object(Illuminate\\Database\\Schema\\Blueprint))
#7 /Volumes/DATA/Projects/Laravel/Work/@core/vendor/laravel/framework/src/Illuminate/Support/Facades/Facade.php(338): Illuminate\\Database\\Schema\\Builder->table('widgets', Object(Closure))
#8 /Volumes/DATA/Projects/Laravel/Work/@core/database/migrations/2021_07_06_152758_add_new_column_to_widgets_table.php(17): Illuminate\\Support\\Facades\\Facade::__callStatic('table', Array)
#9 /Volumes/DATA/Projects/Laravel/Work/@core/vendor/laravel/framework/src/Illuminate/Database/Migrations/Migrator.php(488): AddNewColumnToWidgetsTable->up()
#10 /Volumes/DATA/Projects/Laravel/Work/@core/vendor/laravel/framework/src/Illuminate/Database/Migrations/Migrator.php(406): Illuminate\\Database\\Migrations\\Migrator->runMethod(Object(Illuminate\\Database\\MySqlConnection), Object(AddNewColumnToWidgetsTable), 'up')
#11 /Volumes/DATA/Projects/Laravel/Work/@core/vendor/laravel/framework/src/Illuminate/Database/Migrations/Migrator.php(415): Illuminate\\Database\\Migrations\\Migrator->Illuminate\\Database\\Migrations\\{closure}()
#12 /Volumes/DATA/Projects/Laravel/Work/@core/vendor/laravel/framework/src/Illuminate/Database/Migrations/Migrator.php(216): Illuminate\\Database\\Migrations\\Migrator->runMigration(Object(AddNewColumnToWidgetsTable), 'up')
#13 /Volumes/DATA/Projects/Laravel/Work/@core/vendor/laravel/framework/src/Illuminate/Console/View/Components/Task.php(37): Illuminate\\Database\\Migrations\\Migrator->Illuminate\\Database\\Migrations\\{closure}()
#14 /Volumes/DATA/Projects/Laravel/Work/@core/vendor/laravel/framework/src/Illuminate/Database/Migrations/Migrator.php(751): Illuminate\\Console\\View\\Components\\Task->render('2021_07_06_1527...', Object(Closure))
#15 /Volumes/DATA/Projects/Laravel/Work/@core/vendor/laravel/framework/src/Illuminate/Database/Migrations/Migrator.php(216): Illuminate\\Database\\Migrations\\Migrator->write('Illuminate\\\\Cons...', '2021_07_06_1527...', Object(Closure))
#16 /Volumes/DATA/Projects/Laravel/Work/@core/vendor/laravel/framework/src/Illuminate/Database/Migrations/Migrator.php(181): Illuminate\\Database\\Migrations\\Migrator->runUp('/Volumes/DATA/P...', 1, false)
#17 /Volumes/DATA/Projects/Laravel/Work/@core/vendor/laravel/framework/src/Illuminate/Database/Migrations/Migrator.php(124): Illuminate\\Database\\Migrations\\Migrator->runPending(Array, Array)
#18 /Volumes/DATA/Projects/Laravel/Work/@core/vendor/laravel/framework/src/Illuminate/Database/Console/Migrations/MigrateCommand.php(88): Illuminate\\Database\\Migrations\\Migrator->run(Array, Array)
#19 /Volumes/DATA/Projects/Laravel/Work/@core/vendor/laravel/framework/src/Illuminate/Database/Migrations/Migrator.php(628): Illuminate\\Database\\Console\\Migrations\\MigrateCommand->Illuminate\\Database\\Console\\Migrations\\{closure}()
#20 /Volumes/DATA/Projects/Laravel/Work/@core/vendor/laravel/framework/src/Illuminate/Database/Console/Migrations/MigrateCommand.php(81): Illuminate\\Database\\Migrations\\Migrator->usingConnection(NULL, Object(Closure))
#21 /Volumes/DATA/Projects/Laravel/Work/@core/vendor/laravel/framework/src/Illuminate/Container/BoundMethod.php(36): Illuminate\\Database\\Console\\Migrations\\MigrateCommand->handle()
#22 /Volumes/DATA/Projects/Laravel/Work/@core/vendor/laravel/framework/src/Illuminate/Container/Util.php(41): Illuminate\\Container\\BoundMethod::Illuminate\\Container\\{closure}()
#23 /Volumes/DATA/Projects/Laravel/Work/@core/vendor/laravel/framework/src/Illuminate/Container/BoundMethod.php(93): Illuminate\\Container\\Util::unwrapIfClosure(Object(Closure))
#24 /Volumes/DATA/Projects/Laravel/Work/@core/vendor/laravel/framework/src/Illuminate/Container/BoundMethod.php(35): Illuminate\\Container\\BoundMethod::callBoundMethod(Object(Illuminate\\Foundation\\Application), Array, Object(Closure))
#25 /Volumes/DATA/Projects/Laravel/Work/@core/vendor/laravel/framework/src/Illuminate/Container/Container.php(661): Illuminate\\Container\\BoundMethod::call(Object(Illuminate\\Foundation\\Application), Array, Array, NULL)
#26 /Volumes/DATA/Projects/Laravel/Work/@core/vendor/laravel/framework/src/Illuminate/Console/Command.php(183): Illuminate\\Container\\Container->call(Array)
#27 /Volumes/DATA/Projects/Laravel/Work/@core/vendor/symfony/console/Command/Command.php(326): Illuminate\\Console\\Command->execute(Object(Symfony\\Component\\Console\\Input\\ArgvInput), Object(Illuminate\\Console\\OutputStyle))
#28 /Volumes/DATA/Projects/Laravel/Work/@core/vendor/laravel/framework/src/Illuminate/Console/Command.php(152): Symfony\\Component\\Console\\Command\\Command->run(Object(Symfony\\Component\\Console\\Input\\ArgvInput), Object(Illuminate\\Console\\OutputStyle))
#29 /Volumes/DATA/Projects/Laravel/Work/@core/vendor/symfony/console/Application.php(1063): Illuminate\\Console\\Command->run(Object(Symfony\\Component\\Console\\Input\\ArgvInput), Object(Symfony\\Component\\Console\\Output\\ConsoleOutput))
#30 /Volumes/DATA/Projects/Laravel/Work/@core/vendor/symfony/console/Application.php(320): Symfony\\Component\\Console\\Application->doRunCommand(Object(Illuminate\\Database\\Console\\Migrations\\MigrateCommand), Object(Symfony\\Component\\Console\\Input\\ArgvInput), Object(Symfony\\Component\\Console\\Output\\ConsoleOutput))
#31 /Volumes/DATA/Projects/Laravel/Work/@core/vendor/symfony/console/Application.php(174): Symfony\\Component\\Console\\Application->doRun(Object(Symfony\\Component\\Console\\Input\\ArgvInput), Object(Symfony\\Component\\Console\\Output\\ConsoleOutput))
#32 /Volumes/DATA/Projects/Laravel/Work/@core/vendor/laravel/framework/src/Illuminate/Console/Application.php(102): Symfony\\Component\\Console\\Application->run(Object(Symfony\\Component\\Console\\Input\\ArgvInput), Object(Symfony\\Component\\Console\\Output\\ConsoleOutput))
#33 /Volumes/DATA/Projects/Laravel/Work/@core/vendor/laravel/framework/src/Illuminate/Foundation/Console/Kernel.php(155): Illuminate\\Console\\Application->run(Object(Symfony\\Component\\Console\\Input\\ArgvInput), Object(Symfony\\Component\\Console\\Output\\ConsoleOutput))
#34 /Volumes/DATA/Projects/Laravel/Work/@core/artisan(35): Illuminate\\Foundation\\Console\\Kernel->handle(Object(Symfony\\Component\\Console\\Input\\ArgvInput), Object(Symfony\\Component\\Console\\Output\\ConsoleOutput))
#35 {main}
"} 
[2024-02-25 14:52:21] local.ERROR: SQLSTATE[42S21]: Column already exists: 1060 Duplicate column name 'widget_area' (SQL: alter table `widgets` add `widget_location` varchar(191) null, add `widget_area` varchar(191) null) {"exception":"[object] (Illuminate\\Database\\QueryException(code: 42S21): SQLSTATE[42S21]: Column already exists: 1060 Duplicate column name 'widget_area' (SQL: alter table `widgets` add `widget_location` varchar(191) null, add `widget_area` varchar(191) null) at /Volumes/DATA/Projects/Laravel/Work/@core/vendor/laravel/framework/src/Illuminate/Database/Connection.php:760)
[stacktrace]
#0 /Volumes/DATA/Projects/Laravel/Work/@core/vendor/laravel/framework/src/Illuminate/Database/Connection.php(720): Illuminate\\Database\\Connection->runQueryCallback('alter table `wi...', Array, Object(Closure))
#1 /Volumes/DATA/Projects/Laravel/Work/@core/vendor/laravel/framework/src/Illuminate/Database/Connection.php(534): Illuminate\\Database\\Connection->run('alter table `wi...', Array, Object(Closure))
#2 /Volumes/DATA/Projects/Laravel/Work/@core/vendor/laravel/framework/src/Illuminate/Database/Schema/Blueprint.php(109): Illuminate\\Database\\Connection->statement('alter table `wi...')
#3 /Volumes/DATA/Projects/Laravel/Work/@core/vendor/laravel/framework/src/Illuminate/Database/Schema/Builder.php(439): Illuminate\\Database\\Schema\\Blueprint->build(Object(Illuminate\\Database\\MySqlConnection), Object(Illuminate\\Database\\Schema\\Grammars\\MySqlGrammar))
#4 /Volumes/DATA/Projects/Laravel/Work/@core/vendor/laravel/framework/src/Illuminate/Database/Schema/Builder.php(269): Illuminate\\Database\\Schema\\Builder->build(Object(Illuminate\\Database\\Schema\\Blueprint))
#5 /Volumes/DATA/Projects/Laravel/Work/@core/vendor/laravel/framework/src/Illuminate/Support/Facades/Facade.php(338): Illuminate\\Database\\Schema\\Builder->table('widgets', Object(Closure))
#6 /Volumes/DATA/Projects/Laravel/Work/@core/database/migrations/2021_07_06_152758_add_new_column_to_widgets_table.php(17): Illuminate\\Support\\Facades\\Facade::__callStatic('table', Array)
#7 /Volumes/DATA/Projects/Laravel/Work/@core/vendor/laravel/framework/src/Illuminate/Database/Migrations/Migrator.php(488): AddNewColumnToWidgetsTable->up()
#8 /Volumes/DATA/Projects/Laravel/Work/@core/vendor/laravel/framework/src/Illuminate/Database/Migrations/Migrator.php(406): Illuminate\\Database\\Migrations\\Migrator->runMethod(Object(Illuminate\\Database\\MySqlConnection), Object(AddNewColumnToWidgetsTable), 'up')
#9 /Volumes/DATA/Projects/Laravel/Work/@core/vendor/laravel/framework/src/Illuminate/Database/Migrations/Migrator.php(415): Illuminate\\Database\\Migrations\\Migrator->Illuminate\\Database\\Migrations\\{closure}()
#10 /Volumes/DATA/Projects/Laravel/Work/@core/vendor/laravel/framework/src/Illuminate/Database/Migrations/Migrator.php(216): Illuminate\\Database\\Migrations\\Migrator->runMigration(Object(AddNewColumnToWidgetsTable), 'up')
#11 /Volumes/DATA/Projects/Laravel/Work/@core/vendor/laravel/framework/src/Illuminate/Console/View/Components/Task.php(37): Illuminate\\Database\\Migrations\\Migrator->Illuminate\\Database\\Migrations\\{closure}()
#12 /Volumes/DATA/Projects/Laravel/Work/@core/vendor/laravel/framework/src/Illuminate/Database/Migrations/Migrator.php(751): Illuminate\\Console\\View\\Components\\Task->render('2021_07_06_1527...', Object(Closure))
#13 /Volumes/DATA/Projects/Laravel/Work/@core/vendor/laravel/framework/src/Illuminate/Database/Migrations/Migrator.php(216): Illuminate\\Database\\Migrations\\Migrator->write('Illuminate\\\\Cons...', '2021_07_06_1527...', Object(Closure))
#14 /Volumes/DATA/Projects/Laravel/Work/@core/vendor/laravel/framework/src/Illuminate/Database/Migrations/Migrator.php(181): Illuminate\\Database\\Migrations\\Migrator->runUp('/Volumes/DATA/P...', 1, false)
#15 /Volumes/DATA/Projects/Laravel/Work/@core/vendor/laravel/framework/src/Illuminate/Database/Migrations/Migrator.php(124): Illuminate\\Database\\Migrations\\Migrator->runPending(Array, Array)
#16 /Volumes/DATA/Projects/Laravel/Work/@core/vendor/laravel/framework/src/Illuminate/Database/Console/Migrations/MigrateCommand.php(88): Illuminate\\Database\\Migrations\\Migrator->run(Array, Array)
#17 /Volumes/DATA/Projects/Laravel/Work/@core/vendor/laravel/framework/src/Illuminate/Database/Migrations/Migrator.php(628): Illuminate\\Database\\Console\\Migrations\\MigrateCommand->Illuminate\\Database\\Console\\Migrations\\{closure}()
#18 /Volumes/DATA/Projects/Laravel/Work/@core/vendor/laravel/framework/src/Illuminate/Database/Console/Migrations/MigrateCommand.php(81): Illuminate\\Database\\Migrations\\Migrator->usingConnection(NULL, Object(Closure))
#19 /Volumes/DATA/Projects/Laravel/Work/@core/vendor/laravel/framework/src/Illuminate/Container/BoundMethod.php(36): Illuminate\\Database\\Console\\Migrations\\MigrateCommand->handle()
#20 /Volumes/DATA/Projects/Laravel/Work/@core/vendor/laravel/framework/src/Illuminate/Container/Util.php(41): Illuminate\\Container\\BoundMethod::Illuminate\\Container\\{closure}()
#21 /Volumes/DATA/Projects/Laravel/Work/@core/vendor/laravel/framework/src/Illuminate/Container/BoundMethod.php(93): Illuminate\\Container\\Util::unwrapIfClosure(Object(Closure))
#22 /Volumes/DATA/Projects/Laravel/Work/@core/vendor/laravel/framework/src/Illuminate/Container/BoundMethod.php(35): Illuminate\\Container\\BoundMethod::callBoundMethod(Object(Illuminate\\Foundation\\Application), Array, Object(Closure))
#23 /Volumes/DATA/Projects/Laravel/Work/@core/vendor/laravel/framework/src/Illuminate/Container/Container.php(661): Illuminate\\Container\\BoundMethod::call(Object(Illuminate\\Foundation\\Application), Array, Array, NULL)
#24 /Volumes/DATA/Projects/Laravel/Work/@core/vendor/laravel/framework/src/Illuminate/Console/Command.php(183): Illuminate\\Container\\Container->call(Array)
#25 /Volumes/DATA/Projects/Laravel/Work/@core/vendor/symfony/console/Command/Command.php(326): Illuminate\\Console\\Command->execute(Object(Symfony\\Component\\Console\\Input\\ArrayInput), Object(Illuminate\\Console\\OutputStyle))
#26 /Volumes/DATA/Projects/Laravel/Work/@core/vendor/laravel/framework/src/Illuminate/Console/Command.php(152): Symfony\\Component\\Console\\Command\\Command->run(Object(Symfony\\Component\\Console\\Input\\ArrayInput), Object(Illuminate\\Console\\OutputStyle))
#27 /Volumes/DATA/Projects/Laravel/Work/@core/vendor/laravel/framework/src/Illuminate/Console/Concerns/CallsCommands.php(67): Illuminate\\Console\\Command->run(Object(Symfony\\Component\\Console\\Input\\ArrayInput), Object(Illuminate\\Console\\OutputStyle))
#28 /Volumes/DATA/Projects/Laravel/Work/@core/vendor/laravel/framework/src/Illuminate/Console/Concerns/CallsCommands.php(28): Illuminate\\Console\\Command->runCommand('migrate', Array, Object(Illuminate\\Console\\OutputStyle))
#29 /Volumes/DATA/Projects/Laravel/Work/@core/vendor/laravel/framework/src/Illuminate/Database/Console/Migrations/FreshCommand.php(53): Illuminate\\Console\\Command->call('migrate', Array)
#30 /Volumes/DATA/Projects/Laravel/Work/@core/vendor/laravel/framework/src/Illuminate/Container/BoundMethod.php(36): Illuminate\\Database\\Console\\Migrations\\FreshCommand->handle()
#31 /Volumes/DATA/Projects/Laravel/Work/@core/vendor/laravel/framework/src/Illuminate/Container/Util.php(41): Illuminate\\Container\\BoundMethod::Illuminate\\Container\\{closure}()
#32 /Volumes/DATA/Projects/Laravel/Work/@core/vendor/laravel/framework/src/Illuminate/Container/BoundMethod.php(93): Illuminate\\Container\\Util::unwrapIfClosure(Object(Closure))
#33 /Volumes/DATA/Projects/Laravel/Work/@core/vendor/laravel/framework/src/Illuminate/Container/BoundMethod.php(35): Illuminate\\Container\\BoundMethod::callBoundMethod(Object(Illuminate\\Foundation\\Application), Array, Object(Closure))
#34 /Volumes/DATA/Projects/Laravel/Work/@core/vendor/laravel/framework/src/Illuminate/Container/Container.php(661): Illuminate\\Container\\BoundMethod::call(Object(Illuminate\\Foundation\\Application), Array, Array, NULL)
#35 /Volumes/DATA/Projects/Laravel/Work/@core/vendor/laravel/framework/src/Illuminate/Console/Command.php(183): Illuminate\\Container\\Container->call(Array)
#36 /Volumes/DATA/Projects/Laravel/Work/@core/vendor/symfony/console/Command/Command.php(326): Illuminate\\Console\\Command->execute(Object(Symfony\\Component\\Console\\Input\\ArgvInput), Object(Illuminate\\Console\\OutputStyle))
#37 /Volumes/DATA/Projects/Laravel/Work/@core/vendor/laravel/framework/src/Illuminate/Console/Command.php(152): Symfony\\Component\\Console\\Command\\Command->run(Object(Symfony\\Component\\Console\\Input\\ArgvInput), Object(Illuminate\\Console\\OutputStyle))
#38 /Volumes/DATA/Projects/Laravel/Work/@core/vendor/symfony/console/Application.php(1063): Illuminate\\Console\\Command->run(Object(Symfony\\Component\\Console\\Input\\ArgvInput), Object(Symfony\\Component\\Console\\Output\\ConsoleOutput))
#39 /Volumes/DATA/Projects/Laravel/Work/@core/vendor/symfony/console/Application.php(320): Symfony\\Component\\Console\\Application->doRunCommand(Object(Illuminate\\Database\\Console\\Migrations\\FreshCommand), Object(Symfony\\Component\\Console\\Input\\ArgvInput), Object(Symfony\\Component\\Console\\Output\\ConsoleOutput))
#40 /Volumes/DATA/Projects/Laravel/Work/@core/vendor/symfony/console/Application.php(174): Symfony\\Component\\Console\\Application->doRun(Object(Symfony\\Component\\Console\\Input\\ArgvInput), Object(Symfony\\Component\\Console\\Output\\ConsoleOutput))
#41 /Volumes/DATA/Projects/Laravel/Work/@core/vendor/laravel/framework/src/Illuminate/Console/Application.php(102): Symfony\\Component\\Console\\Application->run(Object(Symfony\\Component\\Console\\Input\\ArgvInput), Object(Symfony\\Component\\Console\\Output\\ConsoleOutput))
#42 /Volumes/DATA/Projects/Laravel/Work/@core/vendor/laravel/framework/src/Illuminate/Foundation/Console/Kernel.php(155): Illuminate\\Console\\Application->run(Object(Symfony\\Component\\Console\\Input\\ArgvInput), Object(Symfony\\Component\\Console\\Output\\ConsoleOutput))
#43 /Volumes/DATA/Projects/Laravel/Work/@core/artisan(35): Illuminate\\Foundation\\Console\\Kernel->handle(Object(Symfony\\Component\\Console\\Input\\ArgvInput), Object(Symfony\\Component\\Console\\Output\\ConsoleOutput))
#44 {main}

[previous exception] [object] (PDOException(code: 42S21): SQLSTATE[42S21]: Column already exists: 1060 Duplicate column name 'widget_area' at /Volumes/DATA/Projects/Laravel/Work/@core/vendor/laravel/framework/src/Illuminate/Database/Connection.php:545)
[stacktrace]
#0 /Volumes/DATA/Projects/Laravel/Work/@core/vendor/laravel/framework/src/Illuminate/Database/Connection.php(545): PDOStatement->execute()
#1 /Volumes/DATA/Projects/Laravel/Work/@core/vendor/laravel/framework/src/Illuminate/Database/Connection.php(753): Illuminate\\Database\\Connection->Illuminate\\Database\\{closure}('alter table `wi...', Array)
#2 /Volumes/DATA/Projects/Laravel/Work/@core/vendor/laravel/framework/src/Illuminate/Database/Connection.php(720): Illuminate\\Database\\Connection->runQueryCallback('alter table `wi...', Array, Object(Closure))
#3 /Volumes/DATA/Projects/Laravel/Work/@core/vendor/laravel/framework/src/Illuminate/Database/Connection.php(534): Illuminate\\Database\\Connection->run('alter table `wi...', Array, Object(Closure))
#4 /Volumes/DATA/Projects/Laravel/Work/@core/vendor/laravel/framework/src/Illuminate/Database/Schema/Blueprint.php(109): Illuminate\\Database\\Connection->statement('alter table `wi...')
#5 /Volumes/DATA/Projects/Laravel/Work/@core/vendor/laravel/framework/src/Illuminate/Database/Schema/Builder.php(439): Illuminate\\Database\\Schema\\Blueprint->build(Object(Illuminate\\Database\\MySqlConnection), Object(Illuminate\\Database\\Schema\\Grammars\\MySqlGrammar))
#6 /Volumes/DATA/Projects/Laravel/Work/@core/vendor/laravel/framework/src/Illuminate/Database/Schema/Builder.php(269): Illuminate\\Database\\Schema\\Builder->build(Object(Illuminate\\Database\\Schema\\Blueprint))
#7 /Volumes/DATA/Projects/Laravel/Work/@core/vendor/laravel/framework/src/Illuminate/Support/Facades/Facade.php(338): Illuminate\\Database\\Schema\\Builder->table('widgets', Object(Closure))
#8 /Volumes/DATA/Projects/Laravel/Work/@core/database/migrations/2021_07_06_152758_add_new_column_to_widgets_table.php(17): Illuminate\\Support\\Facades\\Facade::__callStatic('table', Array)
#9 /Volumes/DATA/Projects/Laravel/Work/@core/vendor/laravel/framework/src/Illuminate/Database/Migrations/Migrator.php(488): AddNewColumnToWidgetsTable->up()
#10 /Volumes/DATA/Projects/Laravel/Work/@core/vendor/laravel/framework/src/Illuminate/Database/Migrations/Migrator.php(406): Illuminate\\Database\\Migrations\\Migrator->runMethod(Object(Illuminate\\Database\\MySqlConnection), Object(AddNewColumnToWidgetsTable), 'up')
#11 /Volumes/DATA/Projects/Laravel/Work/@core/vendor/laravel/framework/src/Illuminate/Database/Migrations/Migrator.php(415): Illuminate\\Database\\Migrations\\Migrator->Illuminate\\Database\\Migrations\\{closure}()
#12 /Volumes/DATA/Projects/Laravel/Work/@core/vendor/laravel/framework/src/Illuminate/Database/Migrations/Migrator.php(216): Illuminate\\Database\\Migrations\\Migrator->runMigration(Object(AddNewColumnToWidgetsTable), 'up')
#13 /Volumes/DATA/Projects/Laravel/Work/@core/vendor/laravel/framework/src/Illuminate/Console/View/Components/Task.php(37): Illuminate\\Database\\Migrations\\Migrator->Illuminate\\Database\\Migrations\\{closure}()
#14 /Volumes/DATA/Projects/Laravel/Work/@core/vendor/laravel/framework/src/Illuminate/Database/Migrations/Migrator.php(751): Illuminate\\Console\\View\\Components\\Task->render('2021_07_06_1527...', Object(Closure))
#15 /Volumes/DATA/Projects/Laravel/Work/@core/vendor/laravel/framework/src/Illuminate/Database/Migrations/Migrator.php(216): Illuminate\\Database\\Migrations\\Migrator->write('Illuminate\\\\Cons...', '2021_07_06_1527...', Object(Closure))
#16 /Volumes/DATA/Projects/Laravel/Work/@core/vendor/laravel/framework/src/Illuminate/Database/Migrations/Migrator.php(181): Illuminate\\Database\\Migrations\\Migrator->runUp('/Volumes/DATA/P...', 1, false)
#17 /Volumes/DATA/Projects/Laravel/Work/@core/vendor/laravel/framework/src/Illuminate/Database/Migrations/Migrator.php(124): Illuminate\\Database\\Migrations\\Migrator->runPending(Array, Array)
#18 /Volumes/DATA/Projects/Laravel/Work/@core/vendor/laravel/framework/src/Illuminate/Database/Console/Migrations/MigrateCommand.php(88): Illuminate\\Database\\Migrations\\Migrator->run(Array, Array)
#19 /Volumes/DATA/Projects/Laravel/Work/@core/vendor/laravel/framework/src/Illuminate/Database/Migrations/Migrator.php(628): Illuminate\\Database\\Console\\Migrations\\MigrateCommand->Illuminate\\Database\\Console\\Migrations\\{closure}()
#20 /Volumes/DATA/Projects/Laravel/Work/@core/vendor/laravel/framework/src/Illuminate/Database/Console/Migrations/MigrateCommand.php(81): Illuminate\\Database\\Migrations\\Migrator->usingConnection(NULL, Object(Closure))
#21 /Volumes/DATA/Projects/Laravel/Work/@core/vendor/laravel/framework/src/Illuminate/Container/BoundMethod.php(36): Illuminate\\Database\\Console\\Migrations\\MigrateCommand->handle()
#22 /Volumes/DATA/Projects/Laravel/Work/@core/vendor/laravel/framework/src/Illuminate/Container/Util.php(41): Illuminate\\Container\\BoundMethod::Illuminate\\Container\\{closure}()
#23 /Volumes/DATA/Projects/Laravel/Work/@core/vendor/laravel/framework/src/Illuminate/Container/BoundMethod.php(93): Illuminate\\Container\\Util::unwrapIfClosure(Object(Closure))
#24 /Volumes/DATA/Projects/Laravel/Work/@core/vendor/laravel/framework/src/Illuminate/Container/BoundMethod.php(35): Illuminate\\Container\\BoundMethod::callBoundMethod(Object(Illuminate\\Foundation\\Application), Array, Object(Closure))
#25 /Volumes/DATA/Projects/Laravel/Work/@core/vendor/laravel/framework/src/Illuminate/Container/Container.php(661): Illuminate\\Container\\BoundMethod::call(Object(Illuminate\\Foundation\\Application), Array, Array, NULL)
#26 /Volumes/DATA/Projects/Laravel/Work/@core/vendor/laravel/framework/src/Illuminate/Console/Command.php(183): Illuminate\\Container\\Container->call(Array)
#27 /Volumes/DATA/Projects/Laravel/Work/@core/vendor/symfony/console/Command/Command.php(326): Illuminate\\Console\\Command->execute(Object(Symfony\\Component\\Console\\Input\\ArrayInput), Object(Illuminate\\Console\\OutputStyle))
#28 /Volumes/DATA/Projects/Laravel/Work/@core/vendor/laravel/framework/src/Illuminate/Console/Command.php(152): Symfony\\Component\\Console\\Command\\Command->run(Object(Symfony\\Component\\Console\\Input\\ArrayInput), Object(Illuminate\\Console\\OutputStyle))
#29 /Volumes/DATA/Projects/Laravel/Work/@core/vendor/laravel/framework/src/Illuminate/Console/Concerns/CallsCommands.php(67): Illuminate\\Console\\Command->run(Object(Symfony\\Component\\Console\\Input\\ArrayInput), Object(Illuminate\\Console\\OutputStyle))
#30 /Volumes/DATA/Projects/Laravel/Work/@core/vendor/laravel/framework/src/Illuminate/Console/Concerns/CallsCommands.php(28): Illuminate\\Console\\Command->runCommand('migrate', Array, Object(Illuminate\\Console\\OutputStyle))
#31 /Volumes/DATA/Projects/Laravel/Work/@core/vendor/laravel/framework/src/Illuminate/Database/Console/Migrations/FreshCommand.php(53): Illuminate\\Console\\Command->call('migrate', Array)
#32 /Volumes/DATA/Projects/Laravel/Work/@core/vendor/laravel/framework/src/Illuminate/Container/BoundMethod.php(36): Illuminate\\Database\\Console\\Migrations\\FreshCommand->handle()
#33 /Volumes/DATA/Projects/Laravel/Work/@core/vendor/laravel/framework/src/Illuminate/Container/Util.php(41): Illuminate\\Container\\BoundMethod::Illuminate\\Container\\{closure}()
#34 /Volumes/DATA/Projects/Laravel/Work/@core/vendor/laravel/framework/src/Illuminate/Container/BoundMethod.php(93): Illuminate\\Container\\Util::unwrapIfClosure(Object(Closure))
#35 /Volumes/DATA/Projects/Laravel/Work/@core/vendor/laravel/framework/src/Illuminate/Container/BoundMethod.php(35): Illuminate\\Container\\BoundMethod::callBoundMethod(Object(Illuminate\\Foundation\\Application), Array, Object(Closure))
#36 /Volumes/DATA/Projects/Laravel/Work/@core/vendor/laravel/framework/src/Illuminate/Container/Container.php(661): Illuminate\\Container\\BoundMethod::call(Object(Illuminate\\Foundation\\Application), Array, Array, NULL)
#37 /Volumes/DATA/Projects/Laravel/Work/@core/vendor/laravel/framework/src/Illuminate/Console/Command.php(183): Illuminate\\Container\\Container->call(Array)
#38 /Volumes/DATA/Projects/Laravel/Work/@core/vendor/symfony/console/Command/Command.php(326): Illuminate\\Console\\Command->execute(Object(Symfony\\Component\\Console\\Input\\ArgvInput), Object(Illuminate\\Console\\OutputStyle))
#39 /Volumes/DATA/Projects/Laravel/Work/@core/vendor/laravel/framework/src/Illuminate/Console/Command.php(152): Symfony\\Component\\Console\\Command\\Command->run(Object(Symfony\\Component\\Console\\Input\\ArgvInput), Object(Illuminate\\Console\\OutputStyle))
#40 /Volumes/DATA/Projects/Laravel/Work/@core/vendor/symfony/console/Application.php(1063): Illuminate\\Console\\Command->run(Object(Symfony\\Component\\Console\\Input\\ArgvInput), Object(Symfony\\Component\\Console\\Output\\ConsoleOutput))
#41 /Volumes/DATA/Projects/Laravel/Work/@core/vendor/symfony/console/Application.php(320): Symfony\\Component\\Console\\Application->doRunCommand(Object(Illuminate\\Database\\Console\\Migrations\\FreshCommand), Object(Symfony\\Component\\Console\\Input\\ArgvInput), Object(Symfony\\Component\\Console\\Output\\ConsoleOutput))
#42 /Volumes/DATA/Projects/Laravel/Work/@core/vendor/symfony/console/Application.php(174): Symfony\\Component\\Console\\Application->doRun(Object(Symfony\\Component\\Console\\Input\\ArgvInput), Object(Symfony\\Component\\Console\\Output\\ConsoleOutput))
#43 /Volumes/DATA/Projects/Laravel/Work/@core/vendor/laravel/framework/src/Illuminate/Console/Application.php(102): Symfony\\Component\\Console\\Application->run(Object(Symfony\\Component\\Console\\Input\\ArgvInput), Object(Symfony\\Component\\Console\\Output\\ConsoleOutput))
#44 /Volumes/DATA/Projects/Laravel/Work/@core/vendor/laravel/framework/src/Illuminate/Foundation/Console/Kernel.php(155): Illuminate\\Console\\Application->run(Object(Symfony\\Component\\Console\\Input\\ArgvInput), Object(Symfony\\Component\\Console\\Output\\ConsoleOutput))
#45 /Volumes/DATA/Projects/Laravel/Work/@core/artisan(35): Illuminate\\Foundation\\Console\\Kernel->handle(Object(Symfony\\Component\\Console\\Input\\ArgvInput), Object(Symfony\\Component\\Console\\Output\\ConsoleOutput))
#46 {main}
"} 
